<?xml version="1.0" encoding="UTF-8"?>
<!-- Generated by org.testng.reporters.JUnitReportReporter -->
<testsuite skipped="0" hostname="AMITESH" name="TestCases.TC_001" tests="1" failures="0" timestamp="2019-11-12T22:22:00 IST" time="22.606" errors="0">
  <testcase name="Testcase01" time="22.606" classname="TestCases.TC_001"/>
</testsuite> <!-- TestCases.TC_001 -->
