<?xml version="1.0" encoding="UTF-8"?>
<!-- Generated by org.testng.reporters.JUnitReportReporter -->
<testsuite skipped="0" hostname="AMITESH" name="TestCases.TC_3" tests="1" failures="0" timestamp="2019-11-12T22:22:00 IST" time="23.708" errors="0">
  <testcase name="Testcase01" time="23.708" classname="TestCases.TC_3"/>
</testsuite> <!-- TestCases.TC_3 -->
